# project  configured on Tue Nov 19 22:35:53 2013 by
# waf 1.7.6 (abi 98, python 30301f0 on linux)
# using ./waf configure build
#
----------------------------------------
Setting top to
/home/jrm/Workspace/csc447finalproj/pysoy
----------------------------------------
Setting out to
/home/jrm/Workspace/csc447finalproj/pysoy/build
----------------------------------------
Checking for 'gcc' (c compiler)
find program=['gcc', 'cc'] paths=['/usr/local/sbin', '/usr/local/bin', '/usr/sbin', '/usr/bin', '/sbin', '/bin', '/usr/games', '/usr/local/games'] var='CC' -> '/usr/bin/gcc'
find program=['ar'] paths=['/usr/local/sbin', '/usr/local/bin', '/usr/sbin', '/usr/bin', '/sbin', '/bin', '/usr/games', '/usr/local/games'] var='AR' -> '/usr/bin/ar'
/usr/bin/gcc
----------------------------------------
Checking for program python
/usr/bin/python3
find program=['python'] paths='' var='PYTHON' -> '/usr/bin/python3'
['/usr/bin/python3', '-c', 'import sys\nfor x in sys.version_info: print(str(x))']
out: 3
3
1
final
0

['/usr/bin/python3', '-c', "from distutils.sysconfig import get_config_var, get_python_lib\n\nprint(repr(get_python_lib(standard_lib=0, prefix='/usr') or ''))"]
out: '/usr/lib/python3/dist-packages'

'/usr/lib/python3/dist-packages'

['/usr/bin/python3', '-c', "from distutils.sysconfig import get_config_var, get_python_lib\n\nprint(repr(get_python_lib(plat_specific=1, standard_lib=0, prefix='/usr') or ''))"]
out: '/usr/lib/python3/dist-packages'

'/usr/lib/python3/dist-packages'

----------------------------------------
Checking for python version
(3, 3, 1, 'final', 0)
['/usr/bin/python3', '-c', "from distutils.sysconfig import get_config_var, get_python_lib\n\nprint(repr(get_config_var('prefix') or ''))\nprint(repr(get_config_var('SO') or ''))\nprint(repr(get_config_var('LDFLAGS') or ''))\nprint(repr(get_config_var('LIBDIR') or ''))\nprint(repr(get_config_var('LIBPL') or ''))\nprint(repr(get_config_var('INCLUDEPY') or ''))\nprint(repr(get_config_var('Py_ENABLE_SHARED') or ''))\nprint(repr(get_config_var('MACOSX_DEPLOYMENT_TARGET') or ''))\nprint(repr(get_config_var('LDSHARED') or ''))\nprint(repr(get_config_var('CFLAGS') or ''))"]
out: '/usr'
'.so'
'-Wl,-Bsymbolic-functions -Wl,-z,relro'
'/usr/lib'
'/usr/lib/python3.3/config-3.3m-x86_64-linux-gnu'
'/usr/include/python3.3m'
1
''
'x86_64-linux-gnu-gcc -pthread -shared -Wl,-O1 -Wl,-Bsymbolic-functions -Wl,-Bsymbolic-functions -Wl,-z,relro -Wno-unused-result -DNDEBUG -g -fwrapv -O2 -Wall -Wstrict-prototypes -g -fstack-protector --param=ssp-buffer-size=4 -Wformat -Werror=format-security  '
'-Wno-unused-result -DNDEBUG -g -fwrapv -O2 -Wall -Wstrict-prototypes -g -fstack-protector --param=ssp-buffer-size=4 -Wformat -Werror=format-security  '

'/usr'
'.so'
'-Wl,-Bsymbolic-functions -Wl,-z,relro'
'/usr/lib'
'/usr/lib/python3.3/config-3.3m-x86_64-linux-gnu'
'/usr/include/python3.3m'
1
''
'x86_64-linux-gnu-gcc -pthread -shared -Wl,-O1 -Wl,-Bsymbolic-functions -Wl,-Bsymbolic-functions -Wl,-z,relro -Wno-unused-result -DNDEBUG -g -fwrapv -O2 -Wall -Wstrict-prototypes -g -fstack-protector --param=ssp-buffer-size=4 -Wformat -Werror=format-security  '
'-Wno-unused-result -DNDEBUG -g -fwrapv -O2 -Wall -Wstrict-prototypes -g -fstack-protector --param=ssp-buffer-size=4 -Wformat -Werror=format-security  '

Configuration returned from ['/usr/bin/python3']:
"prefix = '/usr'\nSO = '.so'\nLDFLAGS = '-Wl,-Bsymbolic-functions -Wl,-z,relro'\nLIBDIR = '/usr/lib'\nLIBPL = '/usr/lib/python3.3/config-3.3m-x86_64-linux-gnu'\nINCLUDEPY = '/usr/include/python3.3m'\nPy_ENABLE_SHARED = 1\nMACOSX_DEPLOYMENT_TARGET = ''\nLDSHARED = 'x86_64-linux-gnu-gcc -pthread -shared -Wl,-O1 -Wl,-Bsymbolic-functions -Wl,-Bsymbolic-functions -Wl,-z,relro -Wno-unused-result -DNDEBUG -g -fwrapv -O2 -Wall -Wstrict-prototypes -g -fstack-protector --param=ssp-buffer-size=4 -Wformat -Werror=format-security  '\nCFLAGS = '-Wno-unused-result -DNDEBUG -g -fwrapv -O2 -Wall -Wstrict-prototypes -g -fstack-protector --param=ssp-buffer-size=4 -Wformat -Werror=format-security  '"



# try again with -L$python_LIBDIR: ['/usr/lib']

----------------------------------------
Checking for library python3.3 in LIBDIR
==>

int main(int argc, char **argv) {
	(void)argc; (void)argv;
	return 0;
}

<==
[1/2] [32mc: build/.conf_check_3fefa91e62a3c51006824233ce169fd8/test.c -> build/.conf_check_3fefa91e62a3c51006824233ce169fd8/testbuild/test.c.1.o
[0m
['/usr/bin/gcc', '-fwrapv', '-fstack-protector', '-DPYTHONDIR="/usr/lib/python3/dist-packages"', '-DPYTHONARCHDIR="/usr/lib/python3/dist-packages"', '-DNDEBUG', '../test.c', '-c', '-o', 'test.c.1.o']
[2/2] [33mcprogram: build/.conf_check_3fefa91e62a3c51006824233ce169fd8/testbuild/test.c.1.o -> build/.conf_check_3fefa91e62a3c51006824233ce169fd8/testbuild/testprog
[0m
['/usr/bin/gcc', '-Wl,-Bsymbolic-functions', '-Wl,-z,relro', 'test.c.1.o', '-o', '/home/jrm/Workspace/csc447finalproj/pysoy/build/.conf_check_3fefa91e62a3c51006824233ce169fd8/testbuild/testprog', '-Wl,-Bstatic', '-Wl,-Bdynamic', '-L/usr/lib', '-lpython3.3']
err: /usr/bin/ld: cannot find -lpython3.3
collect2: error: ld returned 1 exit status

from /home/jrm/Workspace/csc447finalproj/pysoy: Test does not build: Traceback (most recent call last):
  File "/home/jrm/Workspace/csc447finalproj/pysoy/.waf3-1.7.6-aeca75c39c28caac64540ecaf32d4f82/waflib/Tools/c_config.py", line 460, in run_c_code
    bld.compile()
  File "/home/jrm/Workspace/csc447finalproj/pysoy/.waf3-1.7.6-aeca75c39c28caac64540ecaf32d4f82/waflib/Build.py", line 198, in compile
    raise Errors.BuildError(self.producer.error)
waflib.Errors.BuildError: Build failed
 -> task in 'testprog' failed (exit status 1): 
	{task 139675328363664: cprogram test.c.1.o -> testprog}
['/usr/bin/gcc', '-Wl,-Bsymbolic-functions', '-Wl,-z,relro', 'test.c.1.o', '-o', '/home/jrm/Workspace/csc447finalproj/pysoy/build/.conf_check_3fefa91e62a3c51006824233ce169fd8/testbuild/testprog', '-Wl,-Bstatic', '-Wl,-Bdynamic', '-L/usr/lib', '-lpython3.3']

not found
from /home/jrm/Workspace/csc447finalproj/pysoy: The configuration failed


# try again with -L$python_LIBPL (some systems don't install the python library in $prefix/lib)

----------------------------------------------
Checking for library python3.3 in python_LIBPL
==>

int main(int argc, char **argv) {
	(void)argc; (void)argv;
	return 0;
}

<==
[1/2] [32mc: build/.conf_check_5a8229fc3793475647a48c22eb103e05/test.c -> build/.conf_check_5a8229fc3793475647a48c22eb103e05/testbuild/test.c.1.o
[0m
['/usr/bin/gcc', '-fwrapv', '-fstack-protector', '-DPYTHONDIR="/usr/lib/python3/dist-packages"', '-DPYTHONARCHDIR="/usr/lib/python3/dist-packages"', '-DNDEBUG', '../test.c', '-c', '-o', 'test.c.1.o']
[2/2] [33mcprogram: build/.conf_check_5a8229fc3793475647a48c22eb103e05/testbuild/test.c.1.o -> build/.conf_check_5a8229fc3793475647a48c22eb103e05/testbuild/testprog
[0m
['/usr/bin/gcc', '-Wl,-Bsymbolic-functions', '-Wl,-z,relro', 'test.c.1.o', '-o', '/home/jrm/Workspace/csc447finalproj/pysoy/build/.conf_check_5a8229fc3793475647a48c22eb103e05/testbuild/testprog', '-Wl,-Bstatic', '-Wl,-Bdynamic', '-L/usr/lib/python3.3/config-3.3m-x86_64-linux-gnu', '-lpython3.3']
yes
-------------------------------------------------------------------------------------------------
Checking for program /usr/bin/python3-config,python3.3-config,python-config-3.3,python3.3m-config
/usr/bin/python3-config
find program=['/usr/bin/python3-config', 'python3.3-config', 'python-config-3.3', 'python3.3m-config'] paths=['/usr/local/sbin', '/usr/local/bin', '/usr/sbin', '/usr/bin', '/sbin', '/bin', '/usr/games', '/usr/local/games'] var='PYTHON_CONFIG' -> '/usr/bin/python3-config'
['/usr/bin/python3-config', '--includes']
out: -I/usr/include/python3.3m -I/usr/include/x86_64-linux-gnu/python3.3m

Include path for Python extensions (found via python-config --includes): ['/usr/include/python3.3m', '/usr/include/x86_64-linux-gnu/python3.3m']

-------------------------------------------------------------------------------------------------
Checking for header Python.h
==>

#include <Python.h>
#ifdef __cplusplus
extern "C" {
#endif
	void Py_Initialize(void);
	void Py_Finalize(void);
#ifdef __cplusplus
}
#endif
int main(int argc, char **argv)
{
   (void)argc; (void)argv;
   Py_Initialize();
   Py_Finalize();
   return 0;
}

<==
[1/2] [32mc: build/.conf_check_d4e624b10a6c373efda7407e21002fe9/test.c -> build/.conf_check_d4e624b10a6c373efda7407e21002fe9/testbuild/test.c.1.o
[0m
['/usr/bin/gcc', '-fwrapv', '-fstack-protector', '-fno-strict-aliasing', '-I/usr/include/python3.3m', '-I/usr/include/x86_64-linux-gnu/python3.3m', '-DPYTHONDIR="/usr/lib/python3/dist-packages"', '-DPYTHONARCHDIR="/usr/lib/python3/dist-packages"', '-DNDEBUG', '../test.c', '-c', '-o', 'test.c.1.o']
[2/2] [33mcprogram: build/.conf_check_d4e624b10a6c373efda7407e21002fe9/testbuild/test.c.1.o -> build/.conf_check_d4e624b10a6c373efda7407e21002fe9/testbuild/testprog
[0m
['/usr/bin/gcc', '-Wl,-Bsymbolic-functions', '-Wl,-z,relro', 'test.c.1.o', '-o', '/home/jrm/Workspace/csc447finalproj/pysoy/build/.conf_check_d4e624b10a6c373efda7407e21002fe9/testbuild/testprog', '-Wl,-Bstatic', '-Wl,-Bdynamic', '-L/usr/lib/python3.3/config-3.3m-x86_64-linux-gnu', '-lpython3.3']
yes
-------------------------------------------------------------------------------------------------
Checking for program sphinx-build
/usr/bin/sphinx-build
find program=['sphinx-build'] paths=['/usr/local/sbin', '/usr/local/bin', '/usr/sbin', '/usr/bin', '/sbin', '/bin', '/usr/games', '/usr/local/games'] var='SPHINX_BUILD' -> '/usr/bin/sphinx-build'
-------------------------------------------------------------------------------------------------
Checking for program pkg-config
/usr/bin/pkg-config
find program=['pkg-config'] paths=['/usr/local/sbin', '/usr/local/bin', '/usr/sbin', '/usr/bin', '/sbin', '/bin', '/usr/games', '/usr/local/games'] var='PKGCONFIG' -> '/usr/bin/pkg-config'
-------------------------------------------------------------------------------------------------
Checking for 'soy-1'
['/usr/bin/pkg-config', '--cflags', '--libs', 'soy-1']
out: -pthread -I/usr/local/include -I/usr/include/glib-2.0 -I/usr/lib/x86_64-linux-gnu/glib-2.0/include -I/usr/include/gee-1.0 -I/usr/include/dbus-1.0 -I/usr/include/librsvg-2.0 -I/usr/include/nice -I/usr/lib/x86_64-linux-gnu/dbus-1.0/include -I/usr/include/gdk-pixbuf-2.0 -I/usr/include/cairo -I/usr/include/libpng12 -I/usr/include/pixman-1 -I/usr/include/freetype2 -I/usr/include/loudmouth-1.0  -pthread -L/usr/local/lib -lsoy -lgee -ldbus-glib-1 -lrsvg-2 -lm -lloudmouth-1 -lidn -lnice -lgthread-2.0 -lrt -ldbus-1 -lgio-2.0 -lgdk_pixbuf-2.0 -lcairo -lgobject-2.0 -lglib-2.0  

yes
-------------------------------------------------------------------------------------------------
Checking for 'x11'
['/usr/bin/pkg-config', '--cflags', '--libs', 'x11']
out:  -lX11  

yes
-------------------------------------------------------------------------------------------------
Checking for 'xi'
['/usr/bin/pkg-config', '--cflags', '--libs', 'xi']
out:  -lXi  

yes
-------------------------------------------------------------------------------------------------
Checking for 'xxf86vm'
['/usr/bin/pkg-config', '--cflags', '--libs', 'xxf86vm']
out:  -lXxf86vm  

yes
-------------------------------------------------------------------------------------------------
Checking for 'egl'
['/usr/bin/pkg-config', '--cflags', '--libs', 'egl']
out: -I/usr/include/libdrm  -lEGL  

yes
